[2025-04-29T17:39:50.778+0000] {local_task_job_runner.py:123} INFO - ::group::Pre task execution logs
[2025-04-29T17:39:50.798+0000] {taskinstance.py:2612} INFO - Dependencies all met for dep_context=non-requeueable deps ti=<TaskInstance: tesla_stock_sentiment_final_etl.merge_stock_and_sentiment_to_raw manual__2025-04-29T17:28:33.479059+00:00 [queued]>
[2025-04-29T17:39:50.809+0000] {taskinstance.py:2612} INFO - Dependencies all met for dep_context=requeueable deps ti=<TaskInstance: tesla_stock_sentiment_final_etl.merge_stock_and_sentiment_to_raw manual__2025-04-29T17:28:33.479059+00:00 [queued]>
[2025-04-29T17:39:50.810+0000] {taskinstance.py:2865} INFO - Starting attempt 1 of 1
[2025-04-29T17:39:50.827+0000] {taskinstance.py:2888} INFO - Executing <Task(_PythonDecoratedOperator): merge_stock_and_sentiment_to_raw> on 2025-04-29 17:28:33.479059+00:00
[2025-04-29T17:39:50.838+0000] {logging_mixin.py:190} WARNING - /home/***/.local/lib/python3.12/site-packages/***/task/task_runner/standard_task_runner.py:70 DeprecationWarning: This process (pid=546) is multi-threaded, use of fork() may lead to deadlocks in the child.
[2025-04-29T17:39:50.840+0000] {standard_task_runner.py:72} INFO - Started process 554 to run task
[2025-04-29T17:39:50.839+0000] {standard_task_runner.py:104} INFO - Running: ['***', 'tasks', 'run', 'tesla_stock_sentiment_final_etl', 'merge_stock_and_sentiment_to_raw', 'manual__2025-04-29T17:28:33.479059+00:00', '--job-id', '73', '--raw', '--subdir', 'DAGS_FOLDER/tesla_stock_etl.py', '--cfg-path', '/tmp/tmpe_7uns5g']
[2025-04-29T17:39:50.842+0000] {standard_task_runner.py:105} INFO - Job 73: Subtask merge_stock_and_sentiment_to_raw
[2025-04-29T17:39:50.896+0000] {task_command.py:467} INFO - Running <TaskInstance: tesla_stock_sentiment_final_etl.merge_stock_and_sentiment_to_raw manual__2025-04-29T17:28:33.479059+00:00 [running]> on host 1f133dc6a737
[2025-04-29T17:39:50.973+0000] {taskinstance.py:3131} INFO - Exporting env vars: AIRFLOW_CTX_DAG_OWNER='***' AIRFLOW_CTX_DAG_ID='tesla_stock_sentiment_final_etl' AIRFLOW_CTX_TASK_ID='merge_stock_and_sentiment_to_raw' AIRFLOW_CTX_EXECUTION_DATE='2025-04-29T17:28:33.479059+00:00' AIRFLOW_CTX_TRY_NUMBER='1' AIRFLOW_CTX_DAG_RUN_ID='manual__2025-04-29T17:28:33.479059+00:00'
[2025-04-29T17:39:50.974+0000] {taskinstance.py:731} INFO - ::endgroup::
[2025-04-29T17:39:50.989+0000] {base.py:84} INFO - Retrieving connection 'snowflake_conn'
[2025-04-29T17:39:50.992+0000] {connection.py:413} INFO - Snowflake Connector for Python Version: 3.12.1, Python Version: 3.12.5, Platform: Linux-5.15.167.4-microsoft-standard-WSL2-x86_64-with-glibc2.36
[2025-04-29T17:39:50.994+0000] {connection.py:1196} INFO - Connecting to GLOBAL Snowflake domain
[2025-04-29T17:39:50.994+0000] {connection.py:1277} INFO - This connection is in OCSP Fail Open Mode. TLS Certificates would be checked for validity and revocation status. Any other Certificate Revocation related exceptions or OCSP Responder failures would be disregarded in favor of connectivity.
[2025-04-29T17:39:52.036+0000] {cursor.py:1156} INFO - Number of results in first chunk: 1
[2025-04-29T17:39:52.457+0000] {cursor.py:1156} INFO - Number of results in first chunk: 1
[2025-04-29T17:39:53.611+0000] {cursor.py:1156} INFO - Number of results in first chunk: 1
[2025-04-29T17:39:53.612+0000] {logging_mixin.py:190} INFO - ✅ Incrementally merged into dev.raw.tsla_sentiment_merged.
[2025-04-29T17:39:53.613+0000] {python.py:240} INFO - Done. Returned value was: None
[2025-04-29T17:39:53.625+0000] {taskinstance.py:340} INFO - ::group::Post task execution logs
[2025-04-29T17:39:53.626+0000] {taskinstance.py:352} INFO - Marking task as SUCCESS. dag_id=tesla_stock_sentiment_final_etl, task_id=merge_stock_and_sentiment_to_raw, run_id=manual__2025-04-29T17:28:33.479059+00:00, execution_date=20250429T172833, start_date=20250429T173950, end_date=20250429T173953
[2025-04-29T17:39:53.672+0000] {local_task_job_runner.py:266} INFO - Task exited with return code 0
[2025-04-29T17:39:53.690+0000] {taskinstance.py:3900} INFO - 0 downstream tasks scheduled from follow-on schedule check
[2025-04-29T17:39:53.693+0000] {local_task_job_runner.py:245} INFO - ::endgroup::
